<?xml version="1.0" encoding="UTF-8"?>
<testng-results skipped="0" failed="0" ignored="0" total="1" passed="1">
  <reporter-output>
  </reporter-output>
  <suite name="TestCases.TestCase1" duration-ms="52010" started-at="2021-08-12T23:06:34 IST" finished-at="2021-08-12T23:07:26 IST">
    <groups>
    </groups>
    <test name="Command line test" duration-ms="52010" started-at="2021-08-12T23:06:34 IST" finished-at="2021-08-12T23:07:26 IST">
      <class name="TestCases.TestCase1">
        <test-method status="PASS" signature="inilizeBrowser()[pri:0, instance:TestCases.TestCase1@67ae56]" name="inilizeBrowser" is-config="true" duration-ms="11287" started-at="2021-08-12T23:06:34 IST" finished-at="2021-08-12T23:06:46 IST">
          <reporter-output>
          </reporter-output>
        </test-method> <!-- inilizeBrowser -->
        <test-method status="PASS" signature="validate_Login()[pri:0, instance:TestCases.TestCase1@67ae56]" name="validate_Login" duration-ms="40676" started-at="2021-08-12T23:06:46 IST" finished-at="2021-08-12T23:07:26 IST">
          <reporter-output>
          </reporter-output>
        </test-method> <!-- validate_Login -->
      </class> <!-- TestCases.TestCase1 -->
    </test> <!-- Command line test -->
  </suite> <!-- TestCases.TestCase1 -->
</testng-results>
